
RISC-V Processor Debug Log
==========================
Session: 2025-07-07 03:46:34
Log File: logs/risc_v_debug_20250707_034634.log
==========================

[03:46:34.401] INFO    | 🚀 Simple Logger Started
[03:46:34.401] SUCCESS | 🖥️ Processor initialized with logging
[03:46:34.401] INFO    | 📂 Loading program from: src/examples/print_test.asm
[03:46:34.402] SUCCESS | Program loaded: 9 instructions
[03:46:34.402] INFO    | ▶️ Starting execution (max 100 cycles)
[03:46:34.402] INFO    | Cycle   0 | PC:0x0001 | 0x5105 | addi x1, x0, 5 | {'reg_changes': {'x1': '0→5'}}
[03:46:34.403] INFO    | Cycle   1 | PC:0x0002 | 0x910F | sw x1, -1(x0)
[03:46:34.403] INFO    | Cycle   2 | PC:0x0003 | 0x5207 | addi x2, x0, 7 | {'reg_changes': {'x2': '0→7'}}
[03:46:34.403] INFO    | Cycle   3 | PC:0x0004 | 0x920F | sw x2, -1(x0)
[03:46:34.403] INFO    | Cycle   4 | PC:0x0005 | 0x0312 | add x3, x1, x2 | {'reg_changes': {'x3': '0→12'}}
[03:46:34.403] INFO    | Cycle   5 | PC:0x0006 | 0x930F | sw x3, -1(x0)
[03:46:34.403] INFO    | Cycle   6 | PC:0x0007 | 0x1431 | sub x4, x3, x1 | {'reg_changes': {'x4': '0→7'}}
[03:46:34.403] INFO    | Cycle   7 | PC:0x0008 | 0x940F | sw x4, -1(x0)
[03:46:34.403] INFO    | Cycle   8 | PC:0x0008 | 0xF000 | halt
[03:46:34.404] SUCCESS | Program completed successfully in 9 cycles
[03:46:34.404] SUCCESS | Execution completed in 9 cycles


Session ended: 2025-07-07 03:46:34.404732
