
RISC-V Processor Debug Log
==========================
Session: 2025-07-07 03:56:04
Log File: logs/risc_v_debug_20250707_035604.log
==========================

[03:56:04.555] INFO    | 🚀 Simple Logger Started
[03:56:04.555] SUCCESS | 🖥️ Processor initialized with logging
[03:56:04.555] INFO    | 📂 Loading program from: src/examples/print_test.asm
[03:56:04.556] SUCCESS | Program loaded: 9 instructions
[03:56:04.557] INFO    | ▶️ Starting execution (max 100 cycles)
[03:56:04.557] INFO    | Cycle   0 | PC:0x0001 | 0x5105 | addi x1, x0, 5 | {'reg_changes': {'x1': '0→5'}}
[03:56:04.557] INFO    | Cycle   1 | PC:0x0002 | 0x9100 | sw x1, 0(x0)
[03:56:04.557] INFO    | Cycle   2 | PC:0x0003 | 0x5207 | addi x2, x0, 7 | {'reg_changes': {'x2': '0→7'}}
[03:56:04.557] INFO    | Cycle   3 | PC:0x0004 | 0x9200 | sw x2, 0(x0)
[03:56:04.558] INFO    | Cycle   4 | PC:0x0005 | 0x0312 | add x3, x1, x2 | {'reg_changes': {'x3': '0→12'}}
[03:56:04.558] INFO    | Cycle   5 | PC:0x0006 | 0x9300 | sw x3, 0(x0)
[03:56:04.558] INFO    | Cycle   6 | PC:0x0007 | 0x1431 | sub x4, x3, x1 | {'reg_changes': {'x4': '0→7'}}
[03:56:04.558] INFO    | Cycle   7 | PC:0x0008 | 0x9400 | sw x4, 0(x0)
[03:56:04.558] INFO    | Cycle   8 | PC:0x0008 | 0xF000 | halt
[03:56:04.558] SUCCESS | Program completed successfully in 9 cycles
[03:56:04.558] SUCCESS | Execution completed in 9 cycles


Session ended: 2025-07-07 03:56:04.559511
