
RISC-V Processor Debug Log
==========================
Session: 2025-07-07 04:04:38
Log File: logs/risc_v_debug_20250707_040438.log
==========================

[04:04:38.273] INFO    | 🚀 Simple Logger Started
[04:04:38.273] SUCCESS | 🖥️ Processor initialized with logging
[04:04:38.273] INFO    | 📂 Loading program from: src/examples/my_program.asm
[04:04:38.274] SUCCESS | Program loaded: 8 instructions
[04:04:38.274] INFO    | ▶️ Starting execution (max 100 cycles)
[04:04:38.275] INFO    | Cycle   0 | PC:0x0001 | 0x5108 | addi x1, x0, -8 | {'reg_changes': {'x1': '0→8'}}
[04:04:38.275] INFO    | Cycle   1 | PC:0x0002 | 0x5203 | addi x2, x0, 3 | {'reg_changes': {'x2': '0→3'}}
[04:04:38.275] INFO    | Cycle   2 | PC:0x0003 | 0x0331 | add x3, x3, x1 | {'reg_changes': {'x3': '0→8'}}
[04:04:38.275] INFO    | Cycle   3 | PC:0x0004 | 0x0331 | add x3, x3, x1 | {'reg_changes': {'x3': '8→16'}}
[04:04:38.275] INFO    | Cycle   4 | PC:0x0005 | 0x0331 | add x3, x3, x1 | {'reg_changes': {'x3': '16→24'}}
[04:04:38.275] INFO    | Cycle   5 | PC:0x0006 | 0x9300 | sw x3, 0(x0)
[04:04:38.275] INFO    | Cycle   6 | PC:0x0007 | 0x8400 | lw x4, 0(x0)
[04:04:38.276] INFO    | Cycle   7 | PC:0x0007 | 0xF000 | halt
[04:04:38.276] SUCCESS | Program completed successfully in 8 cycles
[04:04:38.276] SUCCESS | Execution completed in 8 cycles


Session ended: 2025-07-07 04:04:38.276864
