
RISC-V Processor Debug Log
==========================
Session: 2025-07-07 03:21:40
Log File: logs/risc_v_debug_20250707_032140.log
==========================

[03:21:40.857] INFO    | 🚀 Simple Logger Started
[03:21:40.857] SUCCESS | 🖥️ Processor initialized with logging
[03:21:40.858] INFO    | 📂 Loading program from: test_program.asm
[03:21:40.858] SUCCESS | Program loaded: 7 instructions
[03:21:40.859] INFO    | ▶️ Starting execution (max 100 cycles)
[03:21:40.859] INFO    | Cycle   0 | PC:0x0001 | 0x510A | addi x1, x0, -6 | {'reg_changes': {'x1': '0→10'}}
[03:21:40.859] INFO    | Cycle   1 | PC:0x0002 | 0x5205 | addi x2, x0, 5 | {'reg_changes': {'x2': '0→5'}}
[03:21:40.859] INFO    | Cycle   2 | PC:0x0003 | 0x0312 | add x3, x1, x2 | {'reg_changes': {'x3': '0→15'}}
[03:21:40.859] INFO    | Cycle   3 | PC:0x0004 | 0x1412 | sub x4, x1, x2 | {'reg_changes': {'x4': '0→5'}}
[03:21:40.860] INFO    | Cycle   4 | PC:0x0005 | 0xA341 | beq x3, x4, 1
[03:21:40.860] INFO    | Cycle   5 | PC:0x0006 | 0xE000 | nop
[03:21:40.860] INFO    | Cycle   6 | PC:0x0006 | 0xF000 | halt
[03:21:40.860] SUCCESS | Program completed successfully in 7 cycles
[03:21:40.860] SUCCESS | Execution completed in 7 cycles


Session ended: 2025-07-07 03:21:40.861285
